<?xml version="1.0" encoding="UTF-8"?>
<!-- Generated by org.testng.reporters.JUnitReportReporter -->
<testsuite skipped="0" hostname="DESKTOP-11F9497" name="BlueJenkins.Math" tests="4" failures="0" timestamp="2020-08-05T14:27:48 CDT" time="0.015" errors="0">
  <testcase name="teacher" time="0.003" classname="BlueJenkins.Math"/>
  <system-out/>
  <testcase name="unit" time="0.002" classname="BlueJenkins.Math"/>
  <system-out/>
  <testcase name="number" time="0.008" classname="BlueJenkins.Math"/>
  <system-out/>
  <testcase name="student" time="0.002" classname="BlueJenkins.Math"/>
  <system-out/>
</testsuite> <!-- BlueJenkins.Math -->
